<?xml version="1.0" encoding="UTF-8"?>
<testng-results ignored="0" total="5" passed="3" failed="2" skipped="0">
  <reporter-output>
  </reporter-output>
  <suite started-at="2022-08-05T17:25:06 IST" name="LoginPageTest" finished-at="2022-08-05T17:25:56 IST" duration-ms="50385">
    <groups>
    </groups>
    <test started-at="2022-08-05T17:25:06 IST" name="Test1" finished-at="2022-08-05T17:25:56 IST" duration-ms="50385">
      <class name="com.qa.TestLayer.LoginPageTest">
        <test-method is-config="true" signature="SetUp(java.lang.String)[pri:0, instance:com.qa.TestLayer.LoginPageTest@4f6ee6e4]" started-at="2022-08-05T17:25:06 IST" name="SetUp" finished-at="2022-08-05T17:25:17 IST" duration-ms="10781" status="PASS">
          <params>
            <param index="0">
              <value>
                <![CDATA[chrome]]>
              </value>
            </param>
          </params>
          <reporter-output>
          </reporter-output>
        </test-method> <!-- SetUp -->
        <test-method signature="VerifyLoginWithValidCredential()[pri:1, instance:com.qa.TestLayer.LoginPageTest@4f6ee6e4]" started-at="2022-08-05T17:25:17 IST" name="VerifyLoginWithValidCredential" finished-at="2022-08-05T17:25:21 IST" duration-ms="4015" status="FAIL">
          <exception class="java.lang.AssertionError">
            <message>
              <![CDATA[expected [https://qaadmin.onzway.com/dashboards] but found [https://qaadmin.onzway.com/]]]>
            </message>
            <full-stacktrace>
              <![CDATA[java.lang.AssertionError: expected [https://qaadmin.onzway.com/dashboards] but found [https://qaadmin.onzway.com/]
at org.testng.Assert.fail(Assert.java:99)
at org.testng.Assert.failNotEquals(Assert.java:1037)
at org.testng.Assert.assertEqualsImpl(Assert.java:140)
at org.testng.Assert.assertEquals(Assert.java:122)
at org.testng.Assert.assertEquals(Assert.java:629)
at org.testng.Assert.assertEquals(Assert.java:639)
at com.qa.TestLayer.LoginPageTest.VerifyLoginWithValidCredential(LoginPageTest.java:41)
at java.base/jdk.internal.reflect.NativeMethodAccessorImpl.invoke0(Native Method)
at java.base/jdk.internal.reflect.NativeMethodAccessorImpl.invoke(NativeMethodAccessorImpl.java:77)
at java.base/jdk.internal.reflect.DelegatingMethodAccessorImpl.invoke(DelegatingMethodAccessorImpl.java:43)
at java.base/java.lang.reflect.Method.invoke(Method.java:568)
at org.testng.internal.MethodInvocationHelper.invokeMethod(MethodInvocationHelper.java:133)
at org.testng.internal.TestInvoker.invokeMethod(TestInvoker.java:598)
at org.testng.internal.TestInvoker.invokeTestMethod(TestInvoker.java:173)
at org.testng.internal.MethodRunner.runInSequence(MethodRunner.java:46)
at org.testng.internal.TestInvoker$MethodInvocationAgent.invoke(TestInvoker.java:824)
at org.testng.internal.TestInvoker.invokeTestMethods(TestInvoker.java:146)
at org.testng.internal.TestMethodWorker.invokeTestMethods(TestMethodWorker.java:146)
at org.testng.internal.TestMethodWorker.run(TestMethodWorker.java:128)
at java.base/java.util.ArrayList.forEach(ArrayList.java:1511)
at org.testng.TestRunner.privateRun(TestRunner.java:794)
at org.testng.TestRunner.run(TestRunner.java:596)
at org.testng.SuiteRunner.runTest(SuiteRunner.java:377)
at org.testng.SuiteRunner.runSequentially(SuiteRunner.java:371)
at org.testng.SuiteRunner.privateRun(SuiteRunner.java:332)
at org.testng.SuiteRunner.run(SuiteRunner.java:276)
at org.testng.SuiteRunnerWorker.runSuite(SuiteRunnerWorker.java:53)
at org.testng.SuiteRunnerWorker.run(SuiteRunnerWorker.java:96)
at org.testng.TestNG.runSuitesSequentially(TestNG.java:1212)
at org.testng.TestNG.runSuitesLocally(TestNG.java:1134)
at org.testng.TestNG.runSuites(TestNG.java:1063)
at org.testng.TestNG.run(TestNG.java:1031)
at org.testng.remote.AbstractRemoteTestNG.run(AbstractRemoteTestNG.java:115)
at org.testng.remote.RemoteTestNG.initAndRun(RemoteTestNG.java:251)
at org.testng.remote.RemoteTestNG.main(RemoteTestNG.java:77)
]]>
            </full-stacktrace>
          </exception> <!-- java.lang.AssertionError -->
          <reporter-output>
          </reporter-output>
        </test-method> <!-- VerifyLoginWithValidCredential -->
        <test-method is-config="true" signature="tearDown()[pri:0, instance:com.qa.TestLayer.LoginPageTest@4f6ee6e4]" started-at="2022-08-05T17:25:21 IST" name="tearDown" finished-at="2022-08-05T17:25:21 IST" duration-ms="242" status="PASS">
          <reporter-output>
          </reporter-output>
        </test-method> <!-- tearDown -->
        <test-method is-config="true" signature="SetUp(java.lang.String)[pri:0, instance:com.qa.TestLayer.LoginPageTest@4f6ee6e4]" started-at="2022-08-05T17:25:21 IST" name="SetUp" finished-at="2022-08-05T17:25:27 IST" duration-ms="5929" status="PASS">
          <params>
            <param index="0">
              <value>
                <![CDATA[chrome]]>
              </value>
            </param>
          </params>
          <reporter-output>
          </reporter-output>
        </test-method> <!-- SetUp -->
        <test-method signature="VerifyLoginWithInvalidCredential()[pri:2, instance:com.qa.TestLayer.LoginPageTest@4f6ee6e4]" started-at="2022-08-05T17:25:27 IST" name="VerifyLoginWithInvalidCredential" finished-at="2022-08-05T17:25:31 IST" duration-ms="3689" status="PASS">
          <reporter-output>
          </reporter-output>
        </test-method> <!-- VerifyLoginWithInvalidCredential -->
        <test-method is-config="true" signature="tearDown()[pri:0, instance:com.qa.TestLayer.LoginPageTest@4f6ee6e4]" started-at="2022-08-05T17:25:31 IST" name="tearDown" finished-at="2022-08-05T17:25:31 IST" duration-ms="239" status="PASS">
          <reporter-output>
          </reporter-output>
        </test-method> <!-- tearDown -->
        <test-method is-config="true" signature="SetUp(java.lang.String)[pri:0, instance:com.qa.TestLayer.LoginPageTest@4f6ee6e4]" started-at="2022-08-05T17:25:31 IST" name="SetUp" finished-at="2022-08-05T17:25:37 IST" duration-ms="6552" status="PASS">
          <params>
            <param index="0">
              <value>
                <![CDATA[chrome]]>
              </value>
            </param>
          </params>
          <reporter-output>
          </reporter-output>
        </test-method> <!-- SetUp -->
        <test-method signature="VerifyEmailAcceptingInput()[pri:3, instance:com.qa.TestLayer.LoginPageTest@4f6ee6e4]" started-at="2022-08-05T17:25:37 IST" name="VerifyEmailAcceptingInput" finished-at="2022-08-05T17:25:38 IST" duration-ms="124" status="FAIL">
          <exception class="java.lang.AssertionError">
            <message>
              <![CDATA[did not expect [aksjRdtt444@###nnfnn] but found [aksjRdtt444@###nnfnn]]]>
            </message>
            <full-stacktrace>
              <![CDATA[java.lang.AssertionError: did not expect [aksjRdtt444@###nnfnn] but found [aksjRdtt444@###nnfnn]
at org.testng.Assert.fail(Assert.java:99)
at org.testng.Assert.failEquals(Assert.java:1041)
at org.testng.Assert.assertNotEqualsImpl(Assert.java:147)
at org.testng.Assert.assertNotEquals(Assert.java:1531)
at org.testng.Assert.assertNotEquals(Assert.java:1535)
at com.qa.TestLayer.LoginPageTest.VerifyEmailAcceptingInput(LoginPageTest.java:24)
at java.base/jdk.internal.reflect.NativeMethodAccessorImpl.invoke0(Native Method)
at java.base/jdk.internal.reflect.NativeMethodAccessorImpl.invoke(NativeMethodAccessorImpl.java:77)
at java.base/jdk.internal.reflect.DelegatingMethodAccessorImpl.invoke(DelegatingMethodAccessorImpl.java:43)
at java.base/java.lang.reflect.Method.invoke(Method.java:568)
at org.testng.internal.MethodInvocationHelper.invokeMethod(MethodInvocationHelper.java:133)
at org.testng.internal.TestInvoker.invokeMethod(TestInvoker.java:598)
at org.testng.internal.TestInvoker.invokeTestMethod(TestInvoker.java:173)
at org.testng.internal.MethodRunner.runInSequence(MethodRunner.java:46)
at org.testng.internal.TestInvoker$MethodInvocationAgent.invoke(TestInvoker.java:824)
at org.testng.internal.TestInvoker.invokeTestMethods(TestInvoker.java:146)
at org.testng.internal.TestMethodWorker.invokeTestMethods(TestMethodWorker.java:146)
at org.testng.internal.TestMethodWorker.run(TestMethodWorker.java:128)
at java.base/java.util.ArrayList.forEach(ArrayList.java:1511)
at org.testng.TestRunner.privateRun(TestRunner.java:794)
at org.testng.TestRunner.run(TestRunner.java:596)
at org.testng.SuiteRunner.runTest(SuiteRunner.java:377)
at org.testng.SuiteRunner.runSequentially(SuiteRunner.java:371)
at org.testng.SuiteRunner.privateRun(SuiteRunner.java:332)
at org.testng.SuiteRunner.run(SuiteRunner.java:276)
at org.testng.SuiteRunnerWorker.runSuite(SuiteRunnerWorker.java:53)
at org.testng.SuiteRunnerWorker.run(SuiteRunnerWorker.java:96)
at org.testng.TestNG.runSuitesSequentially(TestNG.java:1212)
at org.testng.TestNG.runSuitesLocally(TestNG.java:1134)
at org.testng.TestNG.runSuites(TestNG.java:1063)
at org.testng.TestNG.run(TestNG.java:1031)
at org.testng.remote.AbstractRemoteTestNG.run(AbstractRemoteTestNG.java:115)
at org.testng.remote.RemoteTestNG.initAndRun(RemoteTestNG.java:251)
at org.testng.remote.RemoteTestNG.main(RemoteTestNG.java:77)
]]>
            </full-stacktrace>
          </exception> <!-- java.lang.AssertionError -->
          <reporter-output>
          </reporter-output>
        </test-method> <!-- VerifyEmailAcceptingInput -->
        <test-method is-config="true" signature="tearDown()[pri:0, instance:com.qa.TestLayer.LoginPageTest@4f6ee6e4]" started-at="2022-08-05T17:25:38 IST" name="tearDown" finished-at="2022-08-05T17:25:38 IST" duration-ms="243" status="PASS">
          <reporter-output>
          </reporter-output>
        </test-method> <!-- tearDown -->
        <test-method is-config="true" signature="SetUp(java.lang.String)[pri:0, instance:com.qa.TestLayer.LoginPageTest@4f6ee6e4]" started-at="2022-08-05T17:25:38 IST" name="SetUp" finished-at="2022-08-05T17:25:44 IST" duration-ms="6184" status="PASS">
          <params>
            <param index="0">
              <value>
                <![CDATA[chrome]]>
              </value>
            </param>
          </params>
          <reporter-output>
          </reporter-output>
        </test-method> <!-- SetUp -->
        <test-method signature="VerifyPasswordAcceptingInput()[pri:4, instance:com.qa.TestLayer.LoginPageTest@4f6ee6e4]" started-at="2022-08-05T17:25:44 IST" name="VerifyPasswordAcceptingInput" finished-at="2022-08-05T17:25:44 IST" duration-ms="79" status="PASS">
          <reporter-output>
          </reporter-output>
        </test-method> <!-- VerifyPasswordAcceptingInput -->
        <test-method is-config="true" signature="tearDown()[pri:0, instance:com.qa.TestLayer.LoginPageTest@4f6ee6e4]" started-at="2022-08-05T17:25:44 IST" name="tearDown" finished-at="2022-08-05T17:25:44 IST" duration-ms="191" status="PASS">
          <reporter-output>
          </reporter-output>
        </test-method> <!-- tearDown -->
        <test-method is-config="true" signature="SetUp(java.lang.String)[pri:0, instance:com.qa.TestLayer.LoginPageTest@4f6ee6e4]" started-at="2022-08-05T17:25:44 IST" name="SetUp" finished-at="2022-08-05T17:25:56 IST" duration-ms="11319" status="PASS">
          <params>
            <param index="0">
              <value>
                <![CDATA[chrome]]>
              </value>
            </param>
          </params>
          <reporter-output>
          </reporter-output>
        </test-method> <!-- SetUp -->
        <test-method signature="VerifyForgotPasswordLink()[pri:5, instance:com.qa.TestLayer.LoginPageTest@4f6ee6e4]" started-at="2022-08-05T17:25:56 IST" name="VerifyForgotPasswordLink" finished-at="2022-08-05T17:25:56 IST" duration-ms="533" status="PASS">
          <reporter-output>
          </reporter-output>
        </test-method> <!-- VerifyForgotPasswordLink -->
        <test-method is-config="true" signature="tearDown()[pri:0, instance:com.qa.TestLayer.LoginPageTest@4f6ee6e4]" started-at="2022-08-05T17:25:56 IST" name="tearDown" finished-at="2022-08-05T17:25:56 IST" duration-ms="216" status="PASS">
          <reporter-output>
          </reporter-output>
        </test-method> <!-- tearDown -->
      </class> <!-- com.qa.TestLayer.LoginPageTest -->
    </test> <!-- Test1 -->
  </suite> <!-- LoginPageTest -->
</testng-results>
